[31m2025-05-31 10:19:50 [error] Cannot find plugin '@my-project/plugin-hello'[39m stack=Error: Cannot find plugin '@my-project/plugin-hello'
    at PluginManager.getPackageJson (/root/www/my-nocobase-app/node_modules/@nocobase/server/lib/plugin-manager/plugin-manager.js:134:13)
    at async _PluginManager.add (/root/www/my-nocobase-app/node_modules/@nocobase/server/lib/plugin-manager/plugin-manager.js:317:29)
    at async _PluginManagerRepository.init (/root/www/my-nocobase-app/node_modules/@nocobase/server/lib/plugin-manager/plugin-manager-repository.js:192:7)
    at async _PluginManager.initOtherPlugins (/root/www/my-nocobase-app/node_modules/@nocobase/server/lib/plugin-manager/plugin-manager.js:1048:5)
    at async _PluginManager.initPlugins (/root/www/my-nocobase-app/node_modules/@nocobase/server/lib/plugin-manager/plugin-manager.js:359:5)
    at async _AsyncEmitter.load (/root/www/my-nocobase-app/node_modules/@nocobase/server/lib/application.js:421:5)
    at async _AppCommand.<anonymous> (/root/www/my-nocobase-app/node_modules/@nocobase/server/lib/commands/start.js:79:5)
    at async _AppCommand.parseAsync (/root/www/my-nocobase-app/node_modules/@nocobase/server/node_modules/commander/lib/command.js:935:5)
    at async _AsyncEmitter.runAsCLI (/root/www/my-nocobase-app/node_modules/@nocobase/server/lib/application.js:557:23) module=application app=main reqId=609dcf5e-2c93-424f-a914-9642a9f552a2 dataSourceKey=main
[31m2025-05-31 10:20:52 [error] Unauthenticated. Please sign in to continue.[39m meta={"err":"UnauthorizedError: Unauthenticated. Please sign in to continue.\n    at Object.throw (/root/www/my-nocobase-app/node_modules/koa/lib/context.js:97:11)\n    at BasicAuth.checkToken (/root/www/my-nocobase-app/node_modules/@nocobase/auth/lib/base/auth.js:88:21)\n    at BasicAuth.check (/root/www/my-nocobase-app/node_modules/@nocobase/auth/lib/base/auth.js:193:79)\n    at AuthManagerMiddleware (/root/www/my-nocobase-app/node_modules/@nocobase/auth/lib/auth-manager.js:121:35)\n    at process.processTicksAndRejections (node:internal/process/task_queues:105:5)\n    at async validateFilterParams (/root/www/my-nocobase-app/node_modules/@nocobase/server/lib/middlewares/validate-filter-params.js:39:12)\n    at async /root/www/my-nocobase-app/node_modules/@nocobase/plugin-users/dist/server/server.js:223:7\n    at async deleteRolesCache (/root/www/my-nocobase-app/node_modules/@nocobase/plugin-users/dist/server/server.js:212:7)\n    at async app.resourcer.use.before (/root/www/my-nocobase-app/node_modules/@nocobase/plugin-file-manager/dist/server/actions/index.js:55:7)\n    at async handleFieldSourceMiddleware (/root/www/my-nocobase-app/node_modules/@nocobase/plugin-data-source-main/dist/server/server.js:443:7)\n    at async mergeReverseFieldWhenSaveCollectionField (/root/www/my-nocobase-app/node_modules/@nocobase/plugin-data-source-main/dist/server/server.js:417:7)\n    at async pushUISchemaWhenUpdateCollectionField (/root/www/my-nocobase-app/node_modules/@nocobase/plugin-data-source-main/dist/server/server.js:349:7)\n    at async pushUISchemaWhenUpdateCollectionField (/root/www/my-nocobase-app/node_modules/@nocobase/plugin-data-source-main/dist/server/server.js:330:7)\n    at async appendDataToRolesCheck (/root/www/my-nocobase-app/node_modules/@nocobase/plugin-data-source-manager/dist/server/plugin.js:593:7)\n    at async setDataSourceListDefaultSort (/root/www/my-nocobase-app/node_modules/@nocobase/plugin-data-source-manager/dist/server/plugin.js:310:7)\n    at async showAnonymous (/root/www/my-nocobase-app/node_modules/@nocobase/plugin-acl/dist/server/server.js:459:7)"} module=desktopRoutes submodule=listAccessible method=error-handler app=main reqId=879a217e-3a91-44c9-9b09-8e2efd4612cb dataSourceKey=main
[31m2025-05-31 10:21:42 [error] relation "userWorkflowTasks" does not exist [39m meta={"err":"Error\n    at Query.run (/root/www/my-nocobase-app/node_modules/sequelize/src/dialects/postgres/query.js:76:25)\n    at <anonymous> (/root/www/my-nocobase-app/node_modules/sequelize/src/sequelize.js:650:28)\n    at process.processTicksAndRejections (node:internal/process/task_queues:105:5)\n    at async PostgresQueryInterface.rawSelect (/root/www/my-nocobase-app/node_modules/sequelize/src/dialects/abstract/query-interface.js:1043:18)\n    at async Function.aggregate (/root/www/my-nocobase-app/node_modules/sequelize/src/model.js:2067:19)\n    at async Function.count (/root/www/my-nocobase-app/node_modules/sequelize/src/model.js:2124:20)\n    at async _Repository.count (/root/www/my-nocobase-app/node_modules/@nocobase/database/lib/repository.js:157:12)\n    at async _Repository.findAndCount (/root/www/my-nocobase-app/node_modules/@nocobase/database/lib/repository.js:282:19)\n    at async listWithPagination (/root/www/my-nocobase-app/node_modules/@nocobase/actions/lib/actions/list.js:76:27)\n    at async Object.list (/root/www/my-nocobase-app/node_modules/@nocobase/actions/lib/actions/list.js:99:5)\n    at async triggerWorkflowActionMiddleware (/root/www/my-nocobase-app/node_modules/@nocobase/plugin-workflow-action-trigger/dist/server/ActionTrigger.js:61:7)\n    at async dataTemplate (/root/www/my-nocobase-app/node_modules/@nocobase/server/lib/middlewares/data-template.js:36:3)\n    at async app.acl.use.after (/root/www/my-nocobase-app/node_modules/@nocobase/plugin-acl/dist/server/server.js:534:9)\n    at async middlewares.add.tag (/root/www/my-nocobase-app/node_modules/@nocobase/acl/lib/acl.js:398:9)\n    at async /root/www/my-nocobase-app/node_modules/@nocobase/acl/lib/allow-manager.js:108:7\n    at async ACLMiddleware (/root/www/my-nocobase-app/node_modules/@nocobase/acl/lib/acl.js:288:14)"} module=userWorkflowTasks submodule=listMine method=error-handler app=main reqId=2ea8a701-a3c5-4af4-aec8-a87a82a1c179 dataSourceKey=main
[31m2025-05-31 10:21:43 [error] relation "userWorkflowTasks" does not exist [39m meta={"err":"Error\n    at Query.run (/root/www/my-nocobase-app/node_modules/sequelize/src/dialects/postgres/query.js:76:25)\n    at <anonymous> (/root/www/my-nocobase-app/node_modules/sequelize/src/sequelize.js:650:28)\n    at process.processTicksAndRejections (node:internal/process/task_queues:105:5)\n    at async PostgresQueryInterface.rawSelect (/root/www/my-nocobase-app/node_modules/sequelize/src/dialects/abstract/query-interface.js:1043:18)\n    at async Function.aggregate (/root/www/my-nocobase-app/node_modules/sequelize/src/model.js:2067:19)\n    at async Function.count (/root/www/my-nocobase-app/node_modules/sequelize/src/model.js:2124:20)\n    at async _Repository.count (/root/www/my-nocobase-app/node_modules/@nocobase/database/lib/repository.js:157:12)\n    at async _Repository.findAndCount (/root/www/my-nocobase-app/node_modules/@nocobase/database/lib/repository.js:282:19)\n    at async listWithPagination (/root/www/my-nocobase-app/node_modules/@nocobase/actions/lib/actions/list.js:76:27)\n    at async Object.list (/root/www/my-nocobase-app/node_modules/@nocobase/actions/lib/actions/list.js:99:5)\n    at async triggerWorkflowActionMiddleware (/root/www/my-nocobase-app/node_modules/@nocobase/plugin-workflow-action-trigger/dist/server/ActionTrigger.js:61:7)\n    at async dataTemplate (/root/www/my-nocobase-app/node_modules/@nocobase/server/lib/middlewares/data-template.js:36:3)\n    at async app.acl.use.after (/root/www/my-nocobase-app/node_modules/@nocobase/plugin-acl/dist/server/server.js:534:9)\n    at async middlewares.add.tag (/root/www/my-nocobase-app/node_modules/@nocobase/acl/lib/acl.js:398:9)\n    at async /root/www/my-nocobase-app/node_modules/@nocobase/acl/lib/allow-manager.js:108:7\n    at async ACLMiddleware (/root/www/my-nocobase-app/node_modules/@nocobase/acl/lib/acl.js:288:14)"} module=userWorkflowTasks submodule=listMine method=error-handler app=main reqId=0fe9f3d6-17e3-4c9b-823c-ed5a23164b65 dataSourceKey=main
[31m2025-05-31 10:23:09 [error] relation "userWorkflowTasks" does not exist [39m meta={"err":"Error\n    at Query.run (/root/www/my-nocobase-app/node_modules/sequelize/src/dialects/postgres/query.js:76:25)\n    at <anonymous> (/root/www/my-nocobase-app/node_modules/sequelize/src/sequelize.js:650:28)\n    at process.processTicksAndRejections (node:internal/process/task_queues:105:5)\n    at async PostgresQueryInterface.rawSelect (/root/www/my-nocobase-app/node_modules/sequelize/src/dialects/abstract/query-interface.js:1043:18)\n    at async Function.aggregate (/root/www/my-nocobase-app/node_modules/sequelize/src/model.js:2067:19)\n    at async Function.count (/root/www/my-nocobase-app/node_modules/sequelize/src/model.js:2124:20)\n    at async _Repository.count (/root/www/my-nocobase-app/node_modules/@nocobase/database/lib/repository.js:157:12)\n    at async _Repository.findAndCount (/root/www/my-nocobase-app/node_modules/@nocobase/database/lib/repository.js:282:19)\n    at async listWithPagination (/root/www/my-nocobase-app/node_modules/@nocobase/actions/lib/actions/list.js:76:27)\n    at async Object.list (/root/www/my-nocobase-app/node_modules/@nocobase/actions/lib/actions/list.js:99:5)\n    at async triggerWorkflowActionMiddleware (/root/www/my-nocobase-app/node_modules/@nocobase/plugin-workflow-action-trigger/dist/server/ActionTrigger.js:61:7)\n    at async dataTemplate (/root/www/my-nocobase-app/node_modules/@nocobase/server/lib/middlewares/data-template.js:36:3)\n    at async app.acl.use.after (/root/www/my-nocobase-app/node_modules/@nocobase/plugin-acl/dist/server/server.js:534:9)\n    at async middlewares.add.tag (/root/www/my-nocobase-app/node_modules/@nocobase/acl/lib/acl.js:398:9)\n    at async /root/www/my-nocobase-app/node_modules/@nocobase/acl/lib/allow-manager.js:108:7\n    at async ACLMiddleware (/root/www/my-nocobase-app/node_modules/@nocobase/acl/lib/acl.js:288:14)"} module=userWorkflowTasks submodule=listMine method=error-handler app=main reqId=3fe45dc5-abdd-4d89-9654-0736bae480c7 dataSourceKey=main
[31m2025-05-31 10:24:19 [error] Cannot find plugin '@my-project/plugin-hello'[39m stack=Error: Cannot find plugin '@my-project/plugin-hello'
    at PluginManager.getPackageJson (/root/www/my-nocobase-app/node_modules/@nocobase/server/lib/plugin-manager/plugin-manager.js:134:13)
    at async _PluginManager.add (/root/www/my-nocobase-app/node_modules/@nocobase/server/lib/plugin-manager/plugin-manager.js:317:29)
    at async _PluginManagerRepository.init (/root/www/my-nocobase-app/node_modules/@nocobase/server/lib/plugin-manager/plugin-manager-repository.js:192:7)
    at async _PluginManager.initOtherPlugins (/root/www/my-nocobase-app/node_modules/@nocobase/server/lib/plugin-manager/plugin-manager.js:1048:5)
    at async _PluginManager.initPlugins (/root/www/my-nocobase-app/node_modules/@nocobase/server/lib/plugin-manager/plugin-manager.js:359:5)
    at async _AsyncEmitter.load (/root/www/my-nocobase-app/node_modules/@nocobase/server/lib/application.js:421:5)
    at async _AsyncEmitter.reload (/root/www/my-nocobase-app/node_modules/@nocobase/server/lib/application.js:448:5)
    at async _AsyncEmitter.restart (/root/www/my-nocobase-app/node_modules/@nocobase/server/lib/application.js:645:5)
    at async _AsyncEmitter.tryReloadOrRestart (/root/www/my-nocobase-app/node_modules/@nocobase/server/lib/application.js:633:7)
    at async _PluginManager.enable (/root/www/my-nocobase-app/node_modules/@nocobase/server/lib/plugin-manager/plugin-manager.js:631:7)
    at async _AppCommand.<anonymous> (/root/www/my-nocobase-app/node_modules/@nocobase/server/lib/commands/pm.js:70:7)
    at async _AppCommand.parseAsync (/root/www/my-nocobase-app/node_modules/@nocobase/server/node_modules/commander/lib/command.js:935:5)
    at async _AsyncEmitter.runAsCLI (/root/www/my-nocobase-app/node_modules/@nocobase/server/lib/application.js:557:23) module=application app=main reqId=056ad3a6-cc2f-4fc0-b07c-ba4ffa947014 dataSourceKey=main
[31m2025-05-31 10:38:47 [error] Cannot find plugin '@my-project/plugin-hello'[39m stack=Error: Cannot find plugin '@my-project/plugin-hello'
    at PluginManager.getPackageJson (/root/www/my-nocobase-app/node_modules/@nocobase/server/lib/plugin-manager/plugin-manager.js:134:13)
    at async _PluginManager.add (/root/www/my-nocobase-app/node_modules/@nocobase/server/lib/plugin-manager/plugin-manager.js:317:29)
    at async _PluginManagerRepository.init (/root/www/my-nocobase-app/node_modules/@nocobase/server/lib/plugin-manager/plugin-manager-repository.js:192:7)
    at async _PluginManager.initOtherPlugins (/root/www/my-nocobase-app/node_modules/@nocobase/server/lib/plugin-manager/plugin-manager.js:1048:5)
    at async _PluginManager.initPlugins (/root/www/my-nocobase-app/node_modules/@nocobase/server/lib/plugin-manager/plugin-manager.js:359:5)
    at async _AsyncEmitter.load (/root/www/my-nocobase-app/node_modules/@nocobase/server/lib/application.js:421:5)
    at async _AppCommand.<anonymous> (/root/www/my-nocobase-app/node_modules/@nocobase/server/lib/commands/start.js:79:5)
    at async _AppCommand.parseAsync (/root/www/my-nocobase-app/node_modules/@nocobase/server/node_modules/commander/lib/command.js:935:5)
    at async _AsyncEmitter.runAsCLI (/root/www/my-nocobase-app/node_modules/@nocobase/server/lib/application.js:557:23) module=application app=main reqId=0d178cf5-b8ee-452e-9e68-cdb4672fa33d dataSourceKey=main
[31m2025-05-31 10:41:20 [error] Cannot find plugin '@my-project/plugin-hello'[39m stack=Error: Cannot find plugin '@my-project/plugin-hello'
    at PluginManager.getPackageJson (/root/www/my-nocobase-app/node_modules/@nocobase/server/lib/plugin-manager/plugin-manager.js:134:13)
    at async _PluginManager.add (/root/www/my-nocobase-app/node_modules/@nocobase/server/lib/plugin-manager/plugin-manager.js:317:29)
    at async _PluginManagerRepository.init (/root/www/my-nocobase-app/node_modules/@nocobase/server/lib/plugin-manager/plugin-manager-repository.js:192:7)
    at async _PluginManager.initOtherPlugins (/root/www/my-nocobase-app/node_modules/@nocobase/server/lib/plugin-manager/plugin-manager.js:1048:5)
    at async _AsyncEmitter.upgrade (/root/www/my-nocobase-app/node_modules/@nocobase/server/lib/application.js:743:5)
    at async _AppCommand.<anonymous> (/root/www/my-nocobase-app/node_modules/@nocobase/server/lib/commands/start.js:55:11)
    at async _AppCommand.parseAsync (/root/www/my-nocobase-app/node_modules/@nocobase/server/node_modules/commander/lib/command.js:935:5)
    at async _AsyncEmitter.runAsCLI (/root/www/my-nocobase-app/node_modules/@nocobase/server/lib/application.js:557:23) module=application app=main reqId=c62cd03e-4c2f-49ea-abaf-fb3a6cc83ee6 dataSourceKey=main
[31m2025-05-31 10:41:26 [error] Cannot find plugin '@my-project/plugin-hello'[39m stack=Error: Cannot find plugin '@my-project/plugin-hello'
    at PluginManager.getPackageJson (/root/www/my-nocobase-app/node_modules/@nocobase/server/lib/plugin-manager/plugin-manager.js:134:13)
    at async _PluginManagerRepository.updateVersions (/root/www/my-nocobase-app/node_modules/@nocobase/server/lib/plugin-manager/plugin-manager-repository.js:116:22)
    at async _AsyncEmitter.upgrade (/root/www/my-nocobase-app/node_modules/@nocobase/server/lib/application.js:752:5)
    at async _AppCommand.<anonymous> (/root/www/my-nocobase-app/node_modules/@nocobase/server/lib/commands/start.js:55:11)
    at async _AppCommand.parseAsync (/root/www/my-nocobase-app/node_modules/@nocobase/server/node_modules/commander/lib/command.js:935:5)
    at async _AsyncEmitter.runAsCLI (/root/www/my-nocobase-app/node_modules/@nocobase/server/lib/application.js:557:23) module=application app=main reqId=c62cd03e-4c2f-49ea-abaf-fb3a6cc83ee6 dataSourceKey=main
[31m2025-05-31 10:43:33 [error] Cannot find plugin '@my-project/plugin-hello'[39m stack=Error: Cannot find plugin '@my-project/plugin-hello'
    at PluginManager.getPackageJson (/root/www/my-nocobase-app/node_modules/@nocobase/server/lib/plugin-manager/plugin-manager.js:134:13)
    at async _PluginManager.add (/root/www/my-nocobase-app/node_modules/@nocobase/server/lib/plugin-manager/plugin-manager.js:317:29)
    at async _PluginManagerRepository.init (/root/www/my-nocobase-app/node_modules/@nocobase/server/lib/plugin-manager/plugin-manager-repository.js:192:7)
    at async _PluginManager.initOtherPlugins (/root/www/my-nocobase-app/node_modules/@nocobase/server/lib/plugin-manager/plugin-manager.js:1048:5)
    at async _PluginManager.initPlugins (/root/www/my-nocobase-app/node_modules/@nocobase/server/lib/plugin-manager/plugin-manager.js:359:5)
    at async _AsyncEmitter.load (/root/www/my-nocobase-app/node_modules/@nocobase/server/lib/application.js:421:5)
    at async _AsyncEmitter.reload (/root/www/my-nocobase-app/node_modules/@nocobase/server/lib/application.js:448:5)
    at async _AsyncEmitter.restart (/root/www/my-nocobase-app/node_modules/@nocobase/server/lib/application.js:645:5)
    at async _AsyncEmitter.tryReloadOrRestart (/root/www/my-nocobase-app/node_modules/@nocobase/server/lib/application.js:633:7)
    at async _PluginManager.disable (/root/www/my-nocobase-app/node_modules/@nocobase/server/lib/plugin-manager/plugin-manager.js:677:7)
    at async _AppCommand.<anonymous> (/root/www/my-nocobase-app/node_modules/@nocobase/server/lib/commands/pm.js:80:7)
    at async _AppCommand.parseAsync (/root/www/my-nocobase-app/node_modules/@nocobase/server/node_modules/commander/lib/command.js:935:5)
    at async _AsyncEmitter.runAsCLI (/root/www/my-nocobase-app/node_modules/@nocobase/server/lib/application.js:557:23) module=application app=main reqId=e821de0b-c7b6-4a10-a985-eac33244cb3e dataSourceKey=main
[31m2025-05-31 10:49:21 [error] Cannot find plugin '@my-project/plugin-hello'[39m stack=Error: Cannot find plugin '@my-project/plugin-hello'
    at PluginManager.getPackageJson (/root/www/my-nocobase-app/node_modules/@nocobase/server/lib/plugin-manager/plugin-manager.js:134:13)
    at async _PluginManager.add (/root/www/my-nocobase-app/node_modules/@nocobase/server/lib/plugin-manager/plugin-manager.js:317:29)
    at async _PluginManagerRepository.init (/root/www/my-nocobase-app/node_modules/@nocobase/server/lib/plugin-manager/plugin-manager-repository.js:192:7)
    at async _PluginManager.initOtherPlugins (/root/www/my-nocobase-app/node_modules/@nocobase/server/lib/plugin-manager/plugin-manager.js:1048:5)
    at async _PluginManager.initPlugins (/root/www/my-nocobase-app/node_modules/@nocobase/server/lib/plugin-manager/plugin-manager.js:359:5)
    at async _AsyncEmitter.load (/root/www/my-nocobase-app/node_modules/@nocobase/server/lib/application.js:421:5)
    at async _AppCommand.<anonymous> (/root/www/my-nocobase-app/node_modules/@nocobase/server/lib/commands/start.js:79:5)
    at async _AppCommand.parseAsync (/root/www/my-nocobase-app/node_modules/@nocobase/server/node_modules/commander/lib/command.js:935:5)
    at async _AsyncEmitter.runAsCLI (/root/www/my-nocobase-app/node_modules/@nocobase/server/lib/application.js:557:23) module=application app=main reqId=7ebbea03-ab14-4ccc-9472-a7c45cd0cf36 dataSourceKey=main
[31m2025-05-31 11:06:34 [error] Cannot find plugin '@my-project/plugin-hello'[39m stack=Error: Cannot find plugin '@my-project/plugin-hello'
    at PluginManager.getPackageJson (/root/www/my-nocobase-app/node_modules/@nocobase/server/lib/plugin-manager/plugin-manager.js:134:13)
    at async _PluginManager.add (/root/www/my-nocobase-app/node_modules/@nocobase/server/lib/plugin-manager/plugin-manager.js:317:29)
    at async _PluginManagerRepository.init (/root/www/my-nocobase-app/node_modules/@nocobase/server/lib/plugin-manager/plugin-manager-repository.js:192:7)
    at async _PluginManager.initOtherPlugins (/root/www/my-nocobase-app/node_modules/@nocobase/server/lib/plugin-manager/plugin-manager.js:1048:5)
    at async _PluginManager.initPlugins (/root/www/my-nocobase-app/node_modules/@nocobase/server/lib/plugin-manager/plugin-manager.js:359:5)
    at async _AsyncEmitter.load (/root/www/my-nocobase-app/node_modules/@nocobase/server/lib/application.js:421:5)
    at async _AsyncEmitter.reload (/root/www/my-nocobase-app/node_modules/@nocobase/server/lib/application.js:448:5)
    at async _AsyncEmitter.restart (/root/www/my-nocobase-app/node_modules/@nocobase/server/lib/application.js:645:5)
    at async _AsyncEmitter.tryReloadOrRestart (/root/www/my-nocobase-app/node_modules/@nocobase/server/lib/application.js:633:7)
    at async _PluginManager.enable (/root/www/my-nocobase-app/node_modules/@nocobase/server/lib/plugin-manager/plugin-manager.js:631:7)
    at async _AppCommand.<anonymous> (/root/www/my-nocobase-app/node_modules/@nocobase/server/lib/commands/pm.js:70:7)
    at async _AppCommand.parseAsync (/root/www/my-nocobase-app/node_modules/@nocobase/server/node_modules/commander/lib/command.js:935:5)
    at async _AsyncEmitter.runAsCLI (/root/www/my-nocobase-app/node_modules/@nocobase/server/lib/application.js:557:23) module=application app=main reqId=8725ace0-4d35-4687-bd6c-974c17e3674d dataSourceKey=main
[31m2025-05-31 11:09:34 [error] Cannot find plugin '@my-project/plugin-hello'[39m stack=Error: Cannot find plugin '@my-project/plugin-hello'
    at PluginManager.getPackageJson (/root/www/my-nocobase-app/node_modules/@nocobase/server/lib/plugin-manager/plugin-manager.js:134:13)
    at async _PluginManager.add (/root/www/my-nocobase-app/node_modules/@nocobase/server/lib/plugin-manager/plugin-manager.js:317:29)
    at async _PluginManagerRepository.init (/root/www/my-nocobase-app/node_modules/@nocobase/server/lib/plugin-manager/plugin-manager-repository.js:192:7)
    at async _PluginManager.initOtherPlugins (/root/www/my-nocobase-app/node_modules/@nocobase/server/lib/plugin-manager/plugin-manager.js:1048:5)
    at async _PluginManager.initPlugins (/root/www/my-nocobase-app/node_modules/@nocobase/server/lib/plugin-manager/plugin-manager.js:359:5)
    at async _AsyncEmitter.load (/root/www/my-nocobase-app/node_modules/@nocobase/server/lib/application.js:421:5)
    at async _AppCommand.<anonymous> (/root/www/my-nocobase-app/node_modules/@nocobase/server/lib/commands/start.js:79:5)
    at async _AppCommand.parseAsync (/root/www/my-nocobase-app/node_modules/@nocobase/server/node_modules/commander/lib/command.js:935:5)
    at async _AsyncEmitter.runAsCLI (/root/www/my-nocobase-app/node_modules/@nocobase/server/lib/application.js:557:23) module=application app=main reqId=cf187d1d-8b43-4e30-b9cc-f66e8fa910c6 dataSourceKey=main
[31m2025-05-31 11:43:02 [error] Cannot find plugin '@my-project/plugin-hello'[39m stack=Error: Cannot find plugin '@my-project/plugin-hello'
    at PluginManager.getPackageJson (/root/www/my-nocobase-app/node_modules/@nocobase/server/lib/plugin-manager/plugin-manager.js:134:13)
    at async _PluginManager.add (/root/www/my-nocobase-app/node_modules/@nocobase/server/lib/plugin-manager/plugin-manager.js:317:29)
    at async _PluginManagerRepository.init (/root/www/my-nocobase-app/node_modules/@nocobase/server/lib/plugin-manager/plugin-manager-repository.js:192:7)
    at async _PluginManager.initOtherPlugins (/root/www/my-nocobase-app/node_modules/@nocobase/server/lib/plugin-manager/plugin-manager.js:1048:5)
    at async _PluginManager.initPlugins (/root/www/my-nocobase-app/node_modules/@nocobase/server/lib/plugin-manager/plugin-manager.js:359:5)
    at async _AsyncEmitter.load (/root/www/my-nocobase-app/node_modules/@nocobase/server/lib/application.js:421:5)
    at async _AsyncEmitter.reload (/root/www/my-nocobase-app/node_modules/@nocobase/server/lib/application.js:448:5)
    at async _AsyncEmitter.restart (/root/www/my-nocobase-app/node_modules/@nocobase/server/lib/application.js:645:5)
    at async _AsyncEmitter.tryReloadOrRestart (/root/www/my-nocobase-app/node_modules/@nocobase/server/lib/application.js:633:7)
    at async _PluginManager.enable (/root/www/my-nocobase-app/node_modules/@nocobase/server/lib/plugin-manager/plugin-manager.js:631:7)
    at async _AppCommand.<anonymous> (/root/www/my-nocobase-app/node_modules/@nocobase/server/lib/commands/pm.js:70:7)
    at async _AppCommand.parseAsync (/root/www/my-nocobase-app/node_modules/@nocobase/server/node_modules/commander/lib/command.js:935:5)
    at async _AsyncEmitter.runAsCLI (/root/www/my-nocobase-app/node_modules/@nocobase/server/lib/application.js:557:23) module=application app=main reqId=ff67082a-b866-4cd8-af14-e5bd8fc74d88 dataSourceKey=main
[31m2025-05-31 11:47:52 [error] Cannot find plugin '@my-project/plugin-hello'[39m stack=Error: Cannot find plugin '@my-project/plugin-hello'
    at PluginManager.getPackageJson (/root/www/my-nocobase-app/node_modules/@nocobase/server/lib/plugin-manager/plugin-manager.js:134:13)
    at async _PluginManager.add (/root/www/my-nocobase-app/node_modules/@nocobase/server/lib/plugin-manager/plugin-manager.js:317:29)
    at async _PluginManagerRepository.init (/root/www/my-nocobase-app/node_modules/@nocobase/server/lib/plugin-manager/plugin-manager-repository.js:192:7)
    at async _PluginManager.initOtherPlugins (/root/www/my-nocobase-app/node_modules/@nocobase/server/lib/plugin-manager/plugin-manager.js:1048:5)
    at async _PluginManager.initPlugins (/root/www/my-nocobase-app/node_modules/@nocobase/server/lib/plugin-manager/plugin-manager.js:359:5)
    at async _AsyncEmitter.load (/root/www/my-nocobase-app/node_modules/@nocobase/server/lib/application.js:421:5)
    at async _AsyncEmitter.reload (/root/www/my-nocobase-app/node_modules/@nocobase/server/lib/application.js:448:5)
    at async _AsyncEmitter.restart (/root/www/my-nocobase-app/node_modules/@nocobase/server/lib/application.js:645:5)
    at async _AsyncEmitter.tryReloadOrRestart (/root/www/my-nocobase-app/node_modules/@nocobase/server/lib/application.js:633:7)
    at async _PluginManager.disable (/root/www/my-nocobase-app/node_modules/@nocobase/server/lib/plugin-manager/plugin-manager.js:677:7)
    at async _AppCommand.<anonymous> (/root/www/my-nocobase-app/node_modules/@nocobase/server/lib/commands/pm.js:80:7)
    at async _AppCommand.parseAsync (/root/www/my-nocobase-app/node_modules/@nocobase/server/node_modules/commander/lib/command.js:935:5)
    at async _AsyncEmitter.runAsCLI (/root/www/my-nocobase-app/node_modules/@nocobase/server/lib/application.js:557:23) module=application app=main reqId=82442fa4-7a2d-4969-ac54-eda75cd754ed dataSourceKey=main
[31m2025-05-31 11:55:13 [error] Cannot find plugin '@my-project/plugin-hello'[39m stack=Error: Cannot find plugin '@my-project/plugin-hello'
    at PluginManager.getPackageJson (/root/www/my-nocobase-app/node_modules/@nocobase/server/lib/plugin-manager/plugin-manager.js:134:13)
    at async _PluginManager.add (/root/www/my-nocobase-app/node_modules/@nocobase/server/lib/plugin-manager/plugin-manager.js:317:29)
    at async _PluginManagerRepository.init (/root/www/my-nocobase-app/node_modules/@nocobase/server/lib/plugin-manager/plugin-manager-repository.js:192:7)
    at async _PluginManager.initOtherPlugins (/root/www/my-nocobase-app/node_modules/@nocobase/server/lib/plugin-manager/plugin-manager.js:1048:5)
    at async _PluginManager.initPlugins (/root/www/my-nocobase-app/node_modules/@nocobase/server/lib/plugin-manager/plugin-manager.js:359:5)
    at async _AsyncEmitter.load (/root/www/my-nocobase-app/node_modules/@nocobase/server/lib/application.js:421:5)
    at async _AsyncEmitter.reload (/root/www/my-nocobase-app/node_modules/@nocobase/server/lib/application.js:448:5)
    at async _AsyncEmitter.restart (/root/www/my-nocobase-app/node_modules/@nocobase/server/lib/application.js:645:5)
    at async _AsyncEmitter.tryReloadOrRestart (/root/www/my-nocobase-app/node_modules/@nocobase/server/lib/application.js:633:7)
    at async _PluginManager.enable (/root/www/my-nocobase-app/node_modules/@nocobase/server/lib/plugin-manager/plugin-manager.js:631:7)
    at async _AppCommand.<anonymous> (/root/www/my-nocobase-app/node_modules/@nocobase/server/lib/commands/pm.js:70:7)
    at async _AppCommand.parseAsync (/root/www/my-nocobase-app/node_modules/@nocobase/server/node_modules/commander/lib/command.js:935:5)
    at async _AsyncEmitter.runAsCLI (/root/www/my-nocobase-app/node_modules/@nocobase/server/lib/application.js:557:23) module=application app=main reqId=58cdec24-8084-49fc-8fd4-f8b023dde385 dataSourceKey=main
[31m2025-05-31 12:12:28 [error] Cannot find plugin '@my-project/plugin-hello'[39m stack=Error: Cannot find plugin '@my-project/plugin-hello'
    at PluginManager.getPackageJson (/root/www/my-nocobase-app/node_modules/@nocobase/server/lib/plugin-manager/plugin-manager.js:134:13)
    at async _PluginManager.add (/root/www/my-nocobase-app/node_modules/@nocobase/server/lib/plugin-manager/plugin-manager.js:317:29)
    at async _PluginManagerRepository.init (/root/www/my-nocobase-app/node_modules/@nocobase/server/lib/plugin-manager/plugin-manager-repository.js:192:7)
    at async _PluginManager.initOtherPlugins (/root/www/my-nocobase-app/node_modules/@nocobase/server/lib/plugin-manager/plugin-manager.js:1048:5)
    at async _AsyncEmitter.upgrade (/root/www/my-nocobase-app/node_modules/@nocobase/server/lib/application.js:743:5)
    at async _AppCommand.<anonymous> (/root/www/my-nocobase-app/node_modules/@nocobase/server/lib/commands/start.js:55:11)
    at async _AppCommand.parseAsync (/root/www/my-nocobase-app/node_modules/@nocobase/server/node_modules/commander/lib/command.js:935:5)
    at async _AsyncEmitter.runAsCLI (/root/www/my-nocobase-app/node_modules/@nocobase/server/lib/application.js:557:23) module=application app=main reqId=d1cf1cfb-c7d8-4d92-a59f-7e1a8a6e5012 dataSourceKey=main
[31m2025-05-31 12:12:46 [error] Cannot find plugin '@my-project/plugin-hello'[39m stack=Error: Cannot find plugin '@my-project/plugin-hello'
    at PluginManager.getPackageJson (/root/www/my-nocobase-app/node_modules/@nocobase/server/lib/plugin-manager/plugin-manager.js:134:13)
    at async _PluginManagerRepository.updateVersions (/root/www/my-nocobase-app/node_modules/@nocobase/server/lib/plugin-manager/plugin-manager-repository.js:116:22)
    at async _AsyncEmitter.upgrade (/root/www/my-nocobase-app/node_modules/@nocobase/server/lib/application.js:752:5)
    at async _AppCommand.<anonymous> (/root/www/my-nocobase-app/node_modules/@nocobase/server/lib/commands/start.js:55:11)
    at async _AppCommand.parseAsync (/root/www/my-nocobase-app/node_modules/@nocobase/server/node_modules/commander/lib/command.js:935:5)
    at async _AsyncEmitter.runAsCLI (/root/www/my-nocobase-app/node_modules/@nocobase/server/lib/application.js:557:23) module=application app=main reqId=d1cf1cfb-c7d8-4d92-a59f-7e1a8a6e5012 dataSourceKey=main
[31m2025-05-31 13:39:45 [error] Cannot find plugin '@my-project/plugin-hello'[39m stack=Error: Cannot find plugin '@my-project/plugin-hello'
    at PluginManager.getPackageJson (/root/www/my-nocobase-app/node_modules/@nocobase/server/lib/plugin-manager/plugin-manager.js:134:13)
    at async _PluginManager.add (/root/www/my-nocobase-app/node_modules/@nocobase/server/lib/plugin-manager/plugin-manager.js:317:29)
    at async _PluginManagerRepository.init (/root/www/my-nocobase-app/node_modules/@nocobase/server/lib/plugin-manager/plugin-manager-repository.js:192:7)
    at async _PluginManager.initOtherPlugins (/root/www/my-nocobase-app/node_modules/@nocobase/server/lib/plugin-manager/plugin-manager.js:1048:5)
    at async _PluginManager.initPlugins (/root/www/my-nocobase-app/node_modules/@nocobase/server/lib/plugin-manager/plugin-manager.js:359:5)
    at async _AsyncEmitter.load (/root/www/my-nocobase-app/node_modules/@nocobase/server/lib/application.js:421:5)
    at async _AppCommand.<anonymous> (/root/www/my-nocobase-app/node_modules/@nocobase/server/lib/commands/start.js:79:5)
    at async _AppCommand.parseAsync (/root/www/my-nocobase-app/node_modules/@nocobase/server/node_modules/commander/lib/command.js:935:5)
    at async _AsyncEmitter.runAsCLI (/root/www/my-nocobase-app/node_modules/@nocobase/server/lib/application.js:557:23) module=application app=main reqId=fdba8026-18f2-4cc4-9fab-39f673d03bea dataSourceKey=main
[31m2025-05-31 13:41:47 [error] Cannot find plugin '@my-project/plugin-hello'[39m stack=Error: Cannot find plugin '@my-project/plugin-hello'
    at PluginManager.getPackageJson (/root/www/my-nocobase-app/node_modules/@nocobase/server/lib/plugin-manager/plugin-manager.js:134:13)
    at async _PluginManager.add (/root/www/my-nocobase-app/node_modules/@nocobase/server/lib/plugin-manager/plugin-manager.js:317:29)
    at async _PluginManagerRepository.init (/root/www/my-nocobase-app/node_modules/@nocobase/server/lib/plugin-manager/plugin-manager-repository.js:192:7)
    at async _PluginManager.initOtherPlugins (/root/www/my-nocobase-app/node_modules/@nocobase/server/lib/plugin-manager/plugin-manager.js:1048:5)
    at async _PluginManager.initPlugins (/root/www/my-nocobase-app/node_modules/@nocobase/server/lib/plugin-manager/plugin-manager.js:359:5)
    at async _AsyncEmitter.load (/root/www/my-nocobase-app/node_modules/@nocobase/server/lib/application.js:421:5)
    at async _AsyncEmitter.reload (/root/www/my-nocobase-app/node_modules/@nocobase/server/lib/application.js:448:5)
    at async _AsyncEmitter.restart (/root/www/my-nocobase-app/node_modules/@nocobase/server/lib/application.js:645:5)
    at async _AsyncEmitter.tryReloadOrRestart (/root/www/my-nocobase-app/node_modules/@nocobase/server/lib/application.js:633:7)
    at async _PluginManager.disable (/root/www/my-nocobase-app/node_modules/@nocobase/server/lib/plugin-manager/plugin-manager.js:677:7)
    at async _AppCommand.<anonymous> (/root/www/my-nocobase-app/node_modules/@nocobase/server/lib/commands/pm.js:80:7)
    at async _AppCommand.parseAsync (/root/www/my-nocobase-app/node_modules/@nocobase/server/node_modules/commander/lib/command.js:935:5)
    at async _AsyncEmitter.runAsCLI (/root/www/my-nocobase-app/node_modules/@nocobase/server/lib/application.js:557:23) module=application app=main reqId=bf141f51-75b7-4967-adc0-84f249ed8f07 dataSourceKey=main
[31m2025-05-31 13:42:11 [error] Cannot find plugin '@my-project/plugin-hello'[39m stack=Error: Cannot find plugin '@my-project/plugin-hello'
    at PluginManager.getPackageJson (/root/www/my-nocobase-app/node_modules/@nocobase/server/lib/plugin-manager/plugin-manager.js:134:13)
    at async _PluginManager.add (/root/www/my-nocobase-app/node_modules/@nocobase/server/lib/plugin-manager/plugin-manager.js:317:29)
    at async _PluginManagerRepository.init (/root/www/my-nocobase-app/node_modules/@nocobase/server/lib/plugin-manager/plugin-manager-repository.js:192:7)
    at async _PluginManager.initOtherPlugins (/root/www/my-nocobase-app/node_modules/@nocobase/server/lib/plugin-manager/plugin-manager.js:1048:5)
    at async _PluginManager.initPlugins (/root/www/my-nocobase-app/node_modules/@nocobase/server/lib/plugin-manager/plugin-manager.js:359:5)
    at async _AsyncEmitter.load (/root/www/my-nocobase-app/node_modules/@nocobase/server/lib/application.js:421:5)
    at async _AsyncEmitter.reload (/root/www/my-nocobase-app/node_modules/@nocobase/server/lib/application.js:448:5)
    at async _AsyncEmitter.restart (/root/www/my-nocobase-app/node_modules/@nocobase/server/lib/application.js:645:5)
    at async _AsyncEmitter.tryReloadOrRestart (/root/www/my-nocobase-app/node_modules/@nocobase/server/lib/application.js:633:7)
    at async _PluginManager.enable (/root/www/my-nocobase-app/node_modules/@nocobase/server/lib/plugin-manager/plugin-manager.js:631:7)
    at async _AppCommand.<anonymous> (/root/www/my-nocobase-app/node_modules/@nocobase/server/lib/commands/pm.js:70:7)
    at async _AppCommand.parseAsync (/root/www/my-nocobase-app/node_modules/@nocobase/server/node_modules/commander/lib/command.js:935:5)
    at async _AsyncEmitter.runAsCLI (/root/www/my-nocobase-app/node_modules/@nocobase/server/lib/application.js:557:23) module=application app=main reqId=76f20702-4944-4ddc-a9a7-4d4cecf58eaf dataSourceKey=main
[31m2025-05-31 13:44:41 [error] Cannot find plugin '@my-project/plugin-hello'[39m stack=Error: Cannot find plugin '@my-project/plugin-hello'
    at PluginManager.getPackageJson (/root/www/my-nocobase-app/node_modules/@nocobase/server/lib/plugin-manager/plugin-manager.js:134:13)
    at async _PluginManager.add (/root/www/my-nocobase-app/node_modules/@nocobase/server/lib/plugin-manager/plugin-manager.js:317:29)
    at async _PluginManagerRepository.init (/root/www/my-nocobase-app/node_modules/@nocobase/server/lib/plugin-manager/plugin-manager-repository.js:192:7)
    at async _PluginManager.initOtherPlugins (/root/www/my-nocobase-app/node_modules/@nocobase/server/lib/plugin-manager/plugin-manager.js:1048:5)
    at async _PluginManager.initPlugins (/root/www/my-nocobase-app/node_modules/@nocobase/server/lib/plugin-manager/plugin-manager.js:359:5)
    at async _AsyncEmitter.load (/root/www/my-nocobase-app/node_modules/@nocobase/server/lib/application.js:421:5)
    at async _AsyncEmitter.reload (/root/www/my-nocobase-app/node_modules/@nocobase/server/lib/application.js:448:5)
    at async _AsyncEmitter.restart (/root/www/my-nocobase-app/node_modules/@nocobase/server/lib/application.js:645:5)
    at async _AppCommand.<anonymous> (/root/www/my-nocobase-app/node_modules/@nocobase/server/lib/commands/restart.js:40:5)
    at async _AppCommand.parseAsync (/root/www/my-nocobase-app/node_modules/@nocobase/server/node_modules/commander/lib/command.js:935:5)
    at async _AsyncEmitter.runAsCLI (/root/www/my-nocobase-app/node_modules/@nocobase/server/lib/application.js:557:23) module=application app=main reqId=f4cc2400-6fec-4dcd-a605-970b70ee8956 dataSourceKey=main
[31m2025-05-31 13:45:18 [error] Cannot find plugin '@my-project/plugin-hello'[39m stack=Error: Cannot find plugin '@my-project/plugin-hello'
    at PluginManager.getPackageJson (/root/www/my-nocobase-app/node_modules/@nocobase/server/lib/plugin-manager/plugin-manager.js:134:13)
    at async _PluginManager.add (/root/www/my-nocobase-app/node_modules/@nocobase/server/lib/plugin-manager/plugin-manager.js:317:29)
    at async _PluginManagerRepository.init (/root/www/my-nocobase-app/node_modules/@nocobase/server/lib/plugin-manager/plugin-manager-repository.js:192:7)
    at async _PluginManager.initOtherPlugins (/root/www/my-nocobase-app/node_modules/@nocobase/server/lib/plugin-manager/plugin-manager.js:1048:5)
    at async _PluginManager.initPlugins (/root/www/my-nocobase-app/node_modules/@nocobase/server/lib/plugin-manager/plugin-manager.js:359:5)
    at async _AsyncEmitter.load (/root/www/my-nocobase-app/node_modules/@nocobase/server/lib/application.js:421:5)
    at async _AppCommand.<anonymous> (/root/www/my-nocobase-app/node_modules/@nocobase/server/lib/commands/start.js:79:5)
    at async _AppCommand.parseAsync (/root/www/my-nocobase-app/node_modules/@nocobase/server/node_modules/commander/lib/command.js:935:5)
    at async _AsyncEmitter.runAsCLI (/root/www/my-nocobase-app/node_modules/@nocobase/server/lib/application.js:557:23) module=application app=main reqId=154f85a3-e52b-453e-9799-62dd72bff834 dataSourceKey=main
[31m2025-05-31 13:53:19 [error] Cannot find plugin '@my-project/plugin-hello'[39m stack=Error: Cannot find plugin '@my-project/plugin-hello'
    at PluginManager.getPackageJson (/root/www/my-nocobase-app/node_modules/@nocobase/server/lib/plugin-manager/plugin-manager.js:134:13)
    at async _PluginManager.add (/root/www/my-nocobase-app/node_modules/@nocobase/server/lib/plugin-manager/plugin-manager.js:317:29)
    at async _PluginManagerRepository.init (/root/www/my-nocobase-app/node_modules/@nocobase/server/lib/plugin-manager/plugin-manager-repository.js:192:7)
    at async _PluginManager.initOtherPlugins (/root/www/my-nocobase-app/node_modules/@nocobase/server/lib/plugin-manager/plugin-manager.js:1048:5)
    at async _PluginManager.initPlugins (/root/www/my-nocobase-app/node_modules/@nocobase/server/lib/plugin-manager/plugin-manager.js:359:5)
    at async _AsyncEmitter.load (/root/www/my-nocobase-app/node_modules/@nocobase/server/lib/application.js:421:5)
    at async _AppCommand.<anonymous> (/root/www/my-nocobase-app/node_modules/@nocobase/server/lib/commands/start.js:79:5)
    at async _AppCommand.parseAsync (/root/www/my-nocobase-app/node_modules/@nocobase/server/node_modules/commander/lib/command.js:935:5)
    at async _AsyncEmitter.runAsCLI (/root/www/my-nocobase-app/node_modules/@nocobase/server/lib/application.js:557:23) module=application app=main reqId=bff95c82-7052-41e5-85e7-f518afd6fac0 dataSourceKey=main
[31m2025-05-31 14:20:34 [error] Unauthenticated. Please sign in to continue.[39m meta={"err":"UnauthorizedError: Unauthenticated. Please sign in to continue.\n    at Object.throw (/root/www/my-nocobase-app/node_modules/koa/lib/context.js:97:11)\n    at BasicAuth.checkToken (/root/www/my-nocobase-app/node_modules/@nocobase/auth/lib/base/auth.js:88:21)\n    at BasicAuth.check (/root/www/my-nocobase-app/node_modules/@nocobase/auth/lib/base/auth.js:193:79)\n    at AuthManagerMiddleware (/root/www/my-nocobase-app/node_modules/@nocobase/auth/lib/auth-manager.js:121:35)\n    at process.processTicksAndRejections (node:internal/process/task_queues:105:5)\n    at async validateFilterParams (/root/www/my-nocobase-app/node_modules/@nocobase/server/lib/middlewares/validate-filter-params.js:39:12)\n    at async parseToken (/root/www/my-nocobase-app/node_modules/@nocobase/plugin-public-forms/dist/server/plugin.js:175:5)\n    at async /root/www/my-nocobase-app/node_modules/@nocobase/plugin-multi-app-manager/dist/server/server.js:364:7\n    at async /root/www/my-nocobase-app/node_modules/@nocobase/plugin-locale-tester/dist/server/plugin.js:56:7\n    at async setMainDepartment (/root/www/my-nocobase-app/node_modules/@nocobase/plugin-departments/dist/server/middlewares/set-main-department.js:33:3)\n    at async resetUserDepartmentsCache (/root/www/my-nocobase-app/node_modules/@nocobase/plugin-departments/dist/server/middlewares/reset-user-departments-cache.js:33:3)\n    at async destroyDepartmentCheck (/root/www/my-nocobase-app/node_modules/@nocobase/plugin-departments/dist/server/middlewares/destroy-department-check.js:57:3)\n    at async blockChinaRegionList (/root/www/my-nocobase-app/node_modules/@nocobase/plugin-field-china-region/dist/server/index.js:57:9)\n    at async /root/www/my-nocobase-app/node_modules/@nocobase/plugin-users/dist/server/server.js:223:7\n    at async deleteRolesCache (/root/www/my-nocobase-app/node_modules/@nocobase/plugin-users/dist/server/server.js:212:7)\n    at async app.resourcer.use.before (/root/www/my-nocobase-app/node_modules/@nocobase/plugin-file-manager/dist/server/actions/index.js:55:7)"} module=desktopRoutes submodule=listAccessible method=error-handler app=main reqId=84bb21d7-b2cc-413f-9783-a16e80aaa3ca dataSourceKey=main
[31m2025-05-31 15:20:44 [error] Cannot find plugin '@my-project/plugin-hello'[39m stack=Error: Cannot find plugin '@my-project/plugin-hello'
    at PluginManager.getPackageJson (/root/www/my-nocobase-app/node_modules/@nocobase/server/lib/plugin-manager/plugin-manager.js:134:13)
    at async _PluginManager.add (/root/www/my-nocobase-app/node_modules/@nocobase/server/lib/plugin-manager/plugin-manager.js:317:29)
    at async _PluginManagerRepository.init (/root/www/my-nocobase-app/node_modules/@nocobase/server/lib/plugin-manager/plugin-manager-repository.js:192:7)
    at async _PluginManager.initOtherPlugins (/root/www/my-nocobase-app/node_modules/@nocobase/server/lib/plugin-manager/plugin-manager.js:1048:5)
    at async _PluginManager.initPlugins (/root/www/my-nocobase-app/node_modules/@nocobase/server/lib/plugin-manager/plugin-manager.js:359:5)
    at async _AsyncEmitter.load (/root/www/my-nocobase-app/node_modules/@nocobase/server/lib/application.js:421:5)
    at async _AppCommand.<anonymous> (/root/www/my-nocobase-app/node_modules/@nocobase/server/lib/commands/start.js:79:5)
    at async _AppCommand.parseAsync (/root/www/my-nocobase-app/node_modules/@nocobase/server/node_modules/commander/lib/command.js:935:5)
    at async _AsyncEmitter.runAsCLI (/root/www/my-nocobase-app/node_modules/@nocobase/server/lib/application.js:557:23) module=application app=main reqId=a6b9713a-3f6f-4d01-b6ce-2a3bf102cc2d dataSourceKey=main
[31m2025-05-31 15:23:16 [error] Cannot find plugin '@my-project/plugin-hello'[39m stack=Error: Cannot find plugin '@my-project/plugin-hello'
    at PluginManager.getPackageJson (/root/www/my-nocobase-app/node_modules/@nocobase/server/lib/plugin-manager/plugin-manager.js:134:13)
    at async _PluginManager.add (/root/www/my-nocobase-app/node_modules/@nocobase/server/lib/plugin-manager/plugin-manager.js:317:29)
    at async _PluginManagerRepository.init (/root/www/my-nocobase-app/node_modules/@nocobase/server/lib/plugin-manager/plugin-manager-repository.js:192:7)
    at async _PluginManager.initOtherPlugins (/root/www/my-nocobase-app/node_modules/@nocobase/server/lib/plugin-manager/plugin-manager.js:1048:5)
    at async _PluginManager.initPlugins (/root/www/my-nocobase-app/node_modules/@nocobase/server/lib/plugin-manager/plugin-manager.js:359:5)
    at async _AsyncEmitter.load (/root/www/my-nocobase-app/node_modules/@nocobase/server/lib/application.js:421:5)
    at async _AppCommand.<anonymous> (/root/www/my-nocobase-app/node_modules/@nocobase/server/lib/commands/start.js:79:5)
    at async _AppCommand.parseAsync (/root/www/my-nocobase-app/node_modules/@nocobase/server/node_modules/commander/lib/command.js:935:5)
    at async _AsyncEmitter.runAsCLI (/root/www/my-nocobase-app/node_modules/@nocobase/server/lib/application.js:557:23) module=application app=main reqId=dfe3d80f-e5e9-4ab3-8147-262e6c9b5ffc dataSourceKey=main
[31m2025-05-31 15:24:40 [error] Unauthenticated. Please sign in to continue.[39m meta={"err":"UnauthorizedError: Unauthenticated. Please sign in to continue.\n    at Object.throw (/root/www/my-nocobase-app/node_modules/koa/lib/context.js:97:11)\n    at BasicAuth.checkToken (/root/www/my-nocobase-app/node_modules/@nocobase/auth/lib/base/auth.js:88:21)\n    at BasicAuth.check (/root/www/my-nocobase-app/node_modules/@nocobase/auth/lib/base/auth.js:193:79)\n    at AuthManagerMiddleware (/root/www/my-nocobase-app/node_modules/@nocobase/auth/lib/auth-manager.js:121:35)\n    at process.processTicksAndRejections (node:internal/process/task_queues:105:5)\n    at async validateFilterParams (/root/www/my-nocobase-app/node_modules/@nocobase/server/lib/middlewares/validate-filter-params.js:39:12)\n    at async parseToken (/root/www/my-nocobase-app/node_modules/@nocobase/plugin-public-forms/dist/server/plugin.js:175:5)\n    at async /root/www/my-nocobase-app/node_modules/@nocobase/plugin-multi-app-manager/dist/server/server.js:364:7\n    at async /root/www/my-nocobase-app/node_modules/@nocobase/plugin-locale-tester/dist/server/plugin.js:56:7\n    at async setMainDepartment (/root/www/my-nocobase-app/node_modules/@nocobase/plugin-departments/dist/server/middlewares/set-main-department.js:33:3)\n    at async resetUserDepartmentsCache (/root/www/my-nocobase-app/node_modules/@nocobase/plugin-departments/dist/server/middlewares/reset-user-departments-cache.js:33:3)\n    at async destroyDepartmentCheck (/root/www/my-nocobase-app/node_modules/@nocobase/plugin-departments/dist/server/middlewares/destroy-department-check.js:57:3)\n    at async blockChinaRegionList (/root/www/my-nocobase-app/node_modules/@nocobase/plugin-field-china-region/dist/server/index.js:57:9)\n    at async /root/www/my-nocobase-app/node_modules/@nocobase/plugin-users/dist/server/server.js:223:7\n    at async deleteRolesCache (/root/www/my-nocobase-app/node_modules/@nocobase/plugin-users/dist/server/server.js:212:7)\n    at async app.resourcer.use.before (/root/www/my-nocobase-app/node_modules/@nocobase/plugin-file-manager/dist/server/actions/index.js:55:7)"} module=production_orders submodule=list method=error-handler app=main reqId=c27432c2-e5c6-4976-a7fe-4828dd8257b1 dataSourceKey=main
[31m2025-05-31 15:26:41 [error] column production_orders.createdAt:desc does not exist[39m meta={"err":"Error\n    at Query.run (/root/www/my-nocobase-app/node_modules/sequelize/src/dialects/postgres/query.js:76:25)\n    at <anonymous> (/root/www/my-nocobase-app/node_modules/sequelize/src/sequelize.js:650:28)\n    at process.processTicksAndRejections (node:internal/process/task_queues:105:5)\n    at async PostgresQueryInterface.select (/root/www/my-nocobase-app/node_modules/sequelize/src/dialects/abstract/query-interface.js:1001:12)\n    at async Function.findAll (/root/www/my-nocobase-app/node_modules/sequelize/src/model.js:1824:21)\n    at async _Repository.find (/root/www/my-nocobase-app/node_modules/@nocobase/database/lib/repository.js:261:14)\n    at async listWithNonPaged (/root/www/my-nocobase-app/node_modules/@nocobase/actions/lib/actions/list.js:89:16)\n    at async list (/root/www/my-nocobase-app/node_modules/@nocobase/actions/lib/actions/list.js:96:5)\n    at async triggerWorkflowActionMiddleware (/root/www/my-nocobase-app/node_modules/@nocobase/plugin-workflow-action-trigger/dist/server/ActionTrigger.js:61:7)\n    at async dataTemplate (/root/www/my-nocobase-app/node_modules/@nocobase/server/lib/middlewares/data-template.js:36:3)\n    at async app.acl.use.after (/root/www/my-nocobase-app/node_modules/@nocobase/plugin-acl/dist/server/server.js:534:9)\n    at async middlewares.add.tag (/root/www/my-nocobase-app/node_modules/@nocobase/acl/lib/acl.js:398:9)\n    at async /root/www/my-nocobase-app/node_modules/@nocobase/acl/lib/allow-manager.js:108:7\n    at async ACLMiddleware (/root/www/my-nocobase-app/node_modules/@nocobase/acl/lib/acl.js:288:14)\n    at async setCurrentRole (/root/www/my-nocobase-app/node_modules/@nocobase/plugin-acl/dist/server/middlewares/setCurrentRole.js:87:3)\n    at async setDepartmentsInfo (/root/www/my-nocobase-app/node_modules/@nocobase/plugin-departments/dist/server/middlewares/set-departments-roles.js:66:3)"} module=production_orders submodule=list method=error-handler app=main reqId=366a4b23-176e-4809-a765-e216dccf9283 dataSourceKey=main
[31m2025-05-31 15:27:42 [error] column production_orders.createdAt:desc does not exist[39m meta={"err":"Error\n    at Query.run (/root/www/my-nocobase-app/node_modules/sequelize/src/dialects/postgres/query.js:76:25)\n    at <anonymous> (/root/www/my-nocobase-app/node_modules/sequelize/src/sequelize.js:650:28)\n    at process.processTicksAndRejections (node:internal/process/task_queues:105:5)\n    at async PostgresQueryInterface.select (/root/www/my-nocobase-app/node_modules/sequelize/src/dialects/abstract/query-interface.js:1001:12)\n    at async Function.findAll (/root/www/my-nocobase-app/node_modules/sequelize/src/model.js:1824:21)\n    at async _Repository.find (/root/www/my-nocobase-app/node_modules/@nocobase/database/lib/repository.js:261:14)\n    at async listWithNonPaged (/root/www/my-nocobase-app/node_modules/@nocobase/actions/lib/actions/list.js:89:16)\n    at async list (/root/www/my-nocobase-app/node_modules/@nocobase/actions/lib/actions/list.js:96:5)\n    at async triggerWorkflowActionMiddleware (/root/www/my-nocobase-app/node_modules/@nocobase/plugin-workflow-action-trigger/dist/server/ActionTrigger.js:61:7)\n    at async dataTemplate (/root/www/my-nocobase-app/node_modules/@nocobase/server/lib/middlewares/data-template.js:36:3)\n    at async app.acl.use.after (/root/www/my-nocobase-app/node_modules/@nocobase/plugin-acl/dist/server/server.js:534:9)\n    at async middlewares.add.tag (/root/www/my-nocobase-app/node_modules/@nocobase/acl/lib/acl.js:398:9)\n    at async /root/www/my-nocobase-app/node_modules/@nocobase/acl/lib/allow-manager.js:108:7\n    at async ACLMiddleware (/root/www/my-nocobase-app/node_modules/@nocobase/acl/lib/acl.js:288:14)\n    at async setCurrentRole (/root/www/my-nocobase-app/node_modules/@nocobase/plugin-acl/dist/server/middlewares/setCurrentRole.js:87:3)\n    at async setDepartmentsInfo (/root/www/my-nocobase-app/node_modules/@nocobase/plugin-departments/dist/server/middlewares/set-departments-roles.js:66:3)"} module=production_orders submodule=list method=error-handler app=main reqId=13ca2c0d-7672-4404-931a-b7e7eefe68fe dataSourceKey=main
[31m2025-05-31 15:29:27 [error] Cannot find plugin '@my-project/plugin-hello'[39m stack=Error: Cannot find plugin '@my-project/plugin-hello'
    at PluginManager.getPackageJson (/root/www/my-nocobase-app/node_modules/@nocobase/server/lib/plugin-manager/plugin-manager.js:134:13)
    at async _PluginManager.add (/root/www/my-nocobase-app/node_modules/@nocobase/server/lib/plugin-manager/plugin-manager.js:317:29)
    at async _PluginManagerRepository.init (/root/www/my-nocobase-app/node_modules/@nocobase/server/lib/plugin-manager/plugin-manager-repository.js:192:7)
    at async _PluginManager.initOtherPlugins (/root/www/my-nocobase-app/node_modules/@nocobase/server/lib/plugin-manager/plugin-manager.js:1048:5)
    at async _PluginManager.initPlugins (/root/www/my-nocobase-app/node_modules/@nocobase/server/lib/plugin-manager/plugin-manager.js:359:5)
    at async _AsyncEmitter.load (/root/www/my-nocobase-app/node_modules/@nocobase/server/lib/application.js:421:5)
    at async Object.callback (/root/www/my-nocobase-app/node_modules/@nocobase/server/lib/application.js:800:9)
    at async _AppCommand.parseAsync (/root/www/my-nocobase-app/node_modules/@nocobase/server/node_modules/commander/lib/command.js:935:5)
    at async _AsyncEmitter.runAsCLI (/root/www/my-nocobase-app/node_modules/@nocobase/server/lib/application.js:557:23) module=application app=main reqId=af92a23d-d755-4faf-bddf-3a66d107831b dataSourceKey=main
[31m2025-05-31 15:29:29 [error] column production_orders.id:desc does not exist[39m meta={"err":"Error\n    at Query.run (/root/www/my-nocobase-app/node_modules/sequelize/src/dialects/postgres/query.js:76:25)\n    at <anonymous> (/root/www/my-nocobase-app/node_modules/sequelize/src/sequelize.js:650:28)\n    at process.processTicksAndRejections (node:internal/process/task_queues:105:5)\n    at async PostgresQueryInterface.select (/root/www/my-nocobase-app/node_modules/sequelize/src/dialects/abstract/query-interface.js:1001:12)\n    at async Function.findAll (/root/www/my-nocobase-app/node_modules/sequelize/src/model.js:1824:21)\n    at async _Repository.find (/root/www/my-nocobase-app/node_modules/@nocobase/database/lib/repository.js:261:14)\n    at async listWithNonPaged (/root/www/my-nocobase-app/node_modules/@nocobase/actions/lib/actions/list.js:89:16)\n    at async list (/root/www/my-nocobase-app/node_modules/@nocobase/actions/lib/actions/list.js:96:5)\n    at async triggerWorkflowActionMiddleware (/root/www/my-nocobase-app/node_modules/@nocobase/plugin-workflow-action-trigger/dist/server/ActionTrigger.js:61:7)\n    at async dataTemplate (/root/www/my-nocobase-app/node_modules/@nocobase/server/lib/middlewares/data-template.js:36:3)\n    at async app.acl.use.after (/root/www/my-nocobase-app/node_modules/@nocobase/plugin-acl/dist/server/server.js:534:9)\n    at async middlewares.add.tag (/root/www/my-nocobase-app/node_modules/@nocobase/acl/lib/acl.js:398:9)\n    at async /root/www/my-nocobase-app/node_modules/@nocobase/acl/lib/allow-manager.js:108:7\n    at async ACLMiddleware (/root/www/my-nocobase-app/node_modules/@nocobase/acl/lib/acl.js:288:14)\n    at async setCurrentRole (/root/www/my-nocobase-app/node_modules/@nocobase/plugin-acl/dist/server/middlewares/setCurrentRole.js:87:3)\n    at async setDepartmentsInfo (/root/www/my-nocobase-app/node_modules/@nocobase/plugin-departments/dist/server/middlewares/set-departments-roles.js:66:3)"} module=production_orders submodule=list method=error-handler app=main reqId=7f7a4272-9b57-42dd-91fc-828eec596048 dataSourceKey=main
[31m2025-05-31 15:29:54 [error] {"name":"JsonWebTokenError","message":"jwt malformed"}[39m module=production_orders submodule=list method=jwt.decode app=main reqId=c6a67b28-19f1-49a4-83e8-32e7c8632b63 dataSourceKey=main
[31m2025-05-31 15:29:54 [error] Your session has expired. Please sign in again.[39m meta={"err":"UnauthorizedError: Your session has expired. Please sign in again.\n    at Object.throw (/root/www/my-nocobase-app/node_modules/koa/lib/context.js:97:11)\n    at BasicAuth.checkToken (/root/www/my-nocobase-app/node_modules/@nocobase/auth/lib/base/auth.js:104:23)\n    at process.processTicksAndRejections (node:internal/process/task_queues:105:5)\n    at async BasicAuth.check (/root/www/my-nocobase-app/node_modules/@nocobase/auth/lib/base/auth.js:193:68)\n    at async AuthManagerMiddleware (/root/www/my-nocobase-app/node_modules/@nocobase/auth/lib/auth-manager.js:121:20)\n    at async validateFilterParams (/root/www/my-nocobase-app/node_modules/@nocobase/server/lib/middlewares/validate-filter-params.js:39:12)\n    at async parseToken (/root/www/my-nocobase-app/node_modules/@nocobase/plugin-public-forms/dist/server/plugin.js:175:5)\n    at async /root/www/my-nocobase-app/node_modules/@nocobase/plugin-multi-app-manager/dist/server/server.js:364:7\n    at async /root/www/my-nocobase-app/node_modules/@nocobase/plugin-locale-tester/dist/server/plugin.js:56:7\n    at async setMainDepartment (/root/www/my-nocobase-app/node_modules/@nocobase/plugin-departments/dist/server/middlewares/set-main-department.js:33:3)\n    at async resetUserDepartmentsCache (/root/www/my-nocobase-app/node_modules/@nocobase/plugin-departments/dist/server/middlewares/reset-user-departments-cache.js:33:3)\n    at async destroyDepartmentCheck (/root/www/my-nocobase-app/node_modules/@nocobase/plugin-departments/dist/server/middlewares/destroy-department-check.js:57:3)\n    at async blockChinaRegionList (/root/www/my-nocobase-app/node_modules/@nocobase/plugin-field-china-region/dist/server/index.js:57:9)\n    at async /root/www/my-nocobase-app/node_modules/@nocobase/plugin-users/dist/server/server.js:223:7\n    at async deleteRolesCache (/root/www/my-nocobase-app/node_modules/@nocobase/plugin-users/dist/server/server.js:212:7)\n    at async app.resourcer.use.before (/root/www/my-nocobase-app/node_modules/@nocobase/plugin-file-manager/dist/server/actions/index.js:55:7)"} module=production_orders submodule=list method=error-handler app=main reqId=c6a67b28-19f1-49a4-83e8-32e7c8632b63 dataSourceKey=main
[31m2025-05-31 15:34:11 [error] Unauthenticated. Please sign in to continue.[39m meta={"err":"UnauthorizedError: Unauthenticated. Please sign in to continue.\n    at Object.throw (/root/www/my-nocobase-app/node_modules/koa/lib/context.js:97:11)\n    at BasicAuth.checkToken (/root/www/my-nocobase-app/node_modules/@nocobase/auth/lib/base/auth.js:88:21)\n    at BasicAuth.check (/root/www/my-nocobase-app/node_modules/@nocobase/auth/lib/base/auth.js:193:79)\n    at AuthManagerMiddleware (/root/www/my-nocobase-app/node_modules/@nocobase/auth/lib/auth-manager.js:121:35)\n    at process.processTicksAndRejections (node:internal/process/task_queues:105:5)\n    at async validateFilterParams (/root/www/my-nocobase-app/node_modules/@nocobase/server/lib/middlewares/validate-filter-params.js:39:12)\n    at async parseToken (/root/www/my-nocobase-app/node_modules/@nocobase/plugin-public-forms/dist/server/plugin.js:175:5)\n    at async /root/www/my-nocobase-app/node_modules/@nocobase/plugin-multi-app-manager/dist/server/server.js:364:7\n    at async /root/www/my-nocobase-app/node_modules/@nocobase/plugin-locale-tester/dist/server/plugin.js:56:7\n    at async setMainDepartment (/root/www/my-nocobase-app/node_modules/@nocobase/plugin-departments/dist/server/middlewares/set-main-department.js:33:3)\n    at async resetUserDepartmentsCache (/root/www/my-nocobase-app/node_modules/@nocobase/plugin-departments/dist/server/middlewares/reset-user-departments-cache.js:33:3)\n    at async destroyDepartmentCheck (/root/www/my-nocobase-app/node_modules/@nocobase/plugin-departments/dist/server/middlewares/destroy-department-check.js:57:3)\n    at async blockChinaRegionList (/root/www/my-nocobase-app/node_modules/@nocobase/plugin-field-china-region/dist/server/index.js:57:9)\n    at async /root/www/my-nocobase-app/node_modules/@nocobase/plugin-users/dist/server/server.js:223:7\n    at async deleteRolesCache (/root/www/my-nocobase-app/node_modules/@nocobase/plugin-users/dist/server/server.js:212:7)\n    at async app.resourcer.use.before (/root/www/my-nocobase-app/node_modules/@nocobase/plugin-file-manager/dist/server/actions/index.js:55:7)"} module=production_orders submodule=list method=error-handler app=main reqId=be6ed2a1-41d3-4658-9d5d-7af535089a3d dataSourceKey=main
[31m2025-05-31 15:38:13 [error] Unexpected token 'l', "lavanderia" is not valid JSON[39m meta={"err":"SyntaxError: Unexpected token 'l', \"lavanderia\" is not valid JSON\n    at JSON.parse (<anonymous>)\n    at _AsyncEmitter.sortValue (/root/www/my-nocobase-app/node_modules/@nocobase/database/lib/fields/array-field.js:50:25)\n    at run (/root/www/my-nocobase-app/node_modules/@nocobase/utils/lib/mixin/AsyncEmitter.js:49:19)\n    at /root/www/my-nocobase-app/node_modules/@nocobase/utils/lib/mixin/AsyncEmitter.js:68:18\n    at process.processTicksAndRejections (node:internal/process/task_queues:105:5)\n    at async _AsyncEmitter.emitAsync (/root/www/my-nocobase-app/node_modules/@nocobase/utils/lib/mixin/AsyncEmitter.js:66:7)\n    at async production_orders.<anonymous> (/root/www/my-nocobase-app/node_modules/@nocobase/database/lib/model-hook.js:88:9)\n    at async Function.runHooks (/root/www/my-nocobase-app/node_modules/sequelize/src/hooks.js:131:7)\n    at async model.save (/root/www/my-nocobase-app/node_modules/sequelize/src/model.js:4090:7)\n    at async model.update (/root/www/my-nocobase-app/node_modules/sequelize/src/model.js:4343:12)\n    at async updateModelByValues (/root/www/my-nocobase-app/node_modules/@nocobase/database/lib/update-associations.js:82:3)\n    at async _Repository.update (/root/www/my-nocobase-app/node_modules/@nocobase/database/lib/repository.js:422:7)\n    at async descriptor.value (/root/www/my-nocobase-app/node_modules/@nocobase/database/lib/decorators/transaction-decorator.js:84:29)\n    at async /root/www/my-nocobase-app/node_modules/@nocobase/actions/lib/actions/proxy-to-repository.js:50:16\n    at async triggerWorkflowActionMiddleware (/root/www/my-nocobase-app/node_modules/@nocobase/plugin-workflow-action-trigger/dist/server/ActionTrigger.js:61:7)\n    at async dataTemplate (/root/www/my-nocobase-app/node_modules/@nocobase/server/lib/middlewares/data-template.js:36:3)"} module=production_orders submodule=update method=error-handler app=main reqId=ee89d8a6-81f0-4789-bd9a-557fdfab8f4e dataSourceKey=main
[31m2025-05-31 15:38:19 [error] Unexpected token 'l', "lavanderia" is not valid JSON[39m meta={"err":"SyntaxError: Unexpected token 'l', \"lavanderia\" is not valid JSON\n    at JSON.parse (<anonymous>)\n    at _AsyncEmitter.sortValue (/root/www/my-nocobase-app/node_modules/@nocobase/database/lib/fields/array-field.js:50:25)\n    at run (/root/www/my-nocobase-app/node_modules/@nocobase/utils/lib/mixin/AsyncEmitter.js:49:19)\n    at /root/www/my-nocobase-app/node_modules/@nocobase/utils/lib/mixin/AsyncEmitter.js:68:18\n    at process.processTicksAndRejections (node:internal/process/task_queues:105:5)\n    at async _AsyncEmitter.emitAsync (/root/www/my-nocobase-app/node_modules/@nocobase/utils/lib/mixin/AsyncEmitter.js:66:7)\n    at async production_orders.<anonymous> (/root/www/my-nocobase-app/node_modules/@nocobase/database/lib/model-hook.js:88:9)\n    at async Function.runHooks (/root/www/my-nocobase-app/node_modules/sequelize/src/hooks.js:131:7)\n    at async model.save (/root/www/my-nocobase-app/node_modules/sequelize/src/model.js:4090:7)\n    at async model.update (/root/www/my-nocobase-app/node_modules/sequelize/src/model.js:4343:12)\n    at async updateModelByValues (/root/www/my-nocobase-app/node_modules/@nocobase/database/lib/update-associations.js:82:3)\n    at async _Repository.update (/root/www/my-nocobase-app/node_modules/@nocobase/database/lib/repository.js:422:7)\n    at async descriptor.value (/root/www/my-nocobase-app/node_modules/@nocobase/database/lib/decorators/transaction-decorator.js:84:29)\n    at async /root/www/my-nocobase-app/node_modules/@nocobase/actions/lib/actions/proxy-to-repository.js:50:16\n    at async triggerWorkflowActionMiddleware (/root/www/my-nocobase-app/node_modules/@nocobase/plugin-workflow-action-trigger/dist/server/ActionTrigger.js:61:7)\n    at async dataTemplate (/root/www/my-nocobase-app/node_modules/@nocobase/server/lib/middlewares/data-template.js:36:3)"} module=production_orders submodule=update method=error-handler app=main reqId=110a2ec3-1a73-49db-b47c-ca5640406ad1 dataSourceKey=main
[31m2025-05-31 19:25:19 [error] Cannot find plugin '@my-project/plugin-hello'[39m stack=Error: Cannot find plugin '@my-project/plugin-hello'
    at PluginManager.getPackageJson (/root/www/my-nocobase-app/node_modules/@nocobase/server/lib/plugin-manager/plugin-manager.js:134:13)
    at async _PluginManager.add (/root/www/my-nocobase-app/node_modules/@nocobase/server/lib/plugin-manager/plugin-manager.js:317:29)
    at async _PluginManagerRepository.init (/root/www/my-nocobase-app/node_modules/@nocobase/server/lib/plugin-manager/plugin-manager-repository.js:192:7)
    at async _PluginManager.initOtherPlugins (/root/www/my-nocobase-app/node_modules/@nocobase/server/lib/plugin-manager/plugin-manager.js:1048:5)
    at async _PluginManager.initPlugins (/root/www/my-nocobase-app/node_modules/@nocobase/server/lib/plugin-manager/plugin-manager.js:359:5)
    at async _AsyncEmitter.load (/root/www/my-nocobase-app/node_modules/@nocobase/server/lib/application.js:421:5)
    at async _AppCommand.<anonymous> (/root/www/my-nocobase-app/node_modules/@nocobase/server/lib/commands/start.js:79:5)
    at async _AppCommand.parseAsync (/root/www/my-nocobase-app/node_modules/@nocobase/server/node_modules/commander/lib/command.js:935:5)
    at async _AsyncEmitter.runAsCLI (/root/www/my-nocobase-app/node_modules/@nocobase/server/lib/application.js:557:23) module=application app=main reqId=f370ea5c-9d0e-4be8-a01a-521522940bf6 dataSourceKey=main
[31m2025-05-31 19:25:36 [error] Unauthenticated. Please sign in to continue.[39m meta={"err":"UnauthorizedError: Unauthenticated. Please sign in to continue.\n    at Object.throw (/root/www/my-nocobase-app/node_modules/koa/lib/context.js:97:11)\n    at BasicAuth.checkToken (/root/www/my-nocobase-app/node_modules/@nocobase/auth/lib/base/auth.js:88:21)\n    at BasicAuth.check (/root/www/my-nocobase-app/node_modules/@nocobase/auth/lib/base/auth.js:193:79)\n    at AuthManagerMiddleware (/root/www/my-nocobase-app/node_modules/@nocobase/auth/lib/auth-manager.js:121:35)\n    at process.processTicksAndRejections (node:internal/process/task_queues:105:5)\n    at async validateFilterParams (/root/www/my-nocobase-app/node_modules/@nocobase/server/lib/middlewares/validate-filter-params.js:39:12)\n    at async parseToken (/root/www/my-nocobase-app/node_modules/@nocobase/plugin-public-forms/dist/server/plugin.js:175:5)\n    at async /root/www/my-nocobase-app/node_modules/@nocobase/plugin-multi-app-manager/dist/server/server.js:364:7\n    at async /root/www/my-nocobase-app/node_modules/@nocobase/plugin-locale-tester/dist/server/plugin.js:56:7\n    at async setMainDepartment (/root/www/my-nocobase-app/node_modules/@nocobase/plugin-departments/dist/server/middlewares/set-main-department.js:33:3)\n    at async resetUserDepartmentsCache (/root/www/my-nocobase-app/node_modules/@nocobase/plugin-departments/dist/server/middlewares/reset-user-departments-cache.js:33:3)\n    at async destroyDepartmentCheck (/root/www/my-nocobase-app/node_modules/@nocobase/plugin-departments/dist/server/middlewares/destroy-department-check.js:57:3)\n    at async blockChinaRegionList (/root/www/my-nocobase-app/node_modules/@nocobase/plugin-field-china-region/dist/server/index.js:57:9)\n    at async /root/www/my-nocobase-app/node_modules/@nocobase/plugin-users/dist/server/server.js:223:7\n    at async deleteRolesCache (/root/www/my-nocobase-app/node_modules/@nocobase/plugin-users/dist/server/server.js:212:7)\n    at async app.resourcer.use.before (/root/www/my-nocobase-app/node_modules/@nocobase/plugin-file-manager/dist/server/actions/index.js:55:7)"} module=desktopRoutes submodule=listAccessible method=error-handler app=main reqId=b1990a11-e3b5-4b91-bca2-03acadc63da9 dataSourceKey=main
[31m2025-05-31 19:29:34 [error] Unauthenticated. Please sign in to continue.[39m meta={"err":"UnauthorizedError: Unauthenticated. Please sign in to continue.\n    at Object.throw (/root/www/my-nocobase-app/node_modules/koa/lib/context.js:97:11)\n    at BasicAuth.checkToken (/root/www/my-nocobase-app/node_modules/@nocobase/auth/lib/base/auth.js:88:21)\n    at BasicAuth.check (/root/www/my-nocobase-app/node_modules/@nocobase/auth/lib/base/auth.js:193:79)\n    at AuthManagerMiddleware (/root/www/my-nocobase-app/node_modules/@nocobase/auth/lib/auth-manager.js:121:35)\n    at process.processTicksAndRejections (node:internal/process/task_queues:105:5)\n    at async validateFilterParams (/root/www/my-nocobase-app/node_modules/@nocobase/server/lib/middlewares/validate-filter-params.js:39:12)\n    at async parseToken (/root/www/my-nocobase-app/node_modules/@nocobase/plugin-public-forms/dist/server/plugin.js:175:5)\n    at async /root/www/my-nocobase-app/node_modules/@nocobase/plugin-multi-app-manager/dist/server/server.js:364:7\n    at async /root/www/my-nocobase-app/node_modules/@nocobase/plugin-locale-tester/dist/server/plugin.js:56:7\n    at async setMainDepartment (/root/www/my-nocobase-app/node_modules/@nocobase/plugin-departments/dist/server/middlewares/set-main-department.js:33:3)\n    at async resetUserDepartmentsCache (/root/www/my-nocobase-app/node_modules/@nocobase/plugin-departments/dist/server/middlewares/reset-user-departments-cache.js:33:3)\n    at async destroyDepartmentCheck (/root/www/my-nocobase-app/node_modules/@nocobase/plugin-departments/dist/server/middlewares/destroy-department-check.js:57:3)\n    at async blockChinaRegionList (/root/www/my-nocobase-app/node_modules/@nocobase/plugin-field-china-region/dist/server/index.js:57:9)\n    at async /root/www/my-nocobase-app/node_modules/@nocobase/plugin-users/dist/server/server.js:223:7\n    at async deleteRolesCache (/root/www/my-nocobase-app/node_modules/@nocobase/plugin-users/dist/server/server.js:212:7)\n    at async app.resourcer.use.before (/root/www/my-nocobase-app/node_modules/@nocobase/plugin-file-manager/dist/server/actions/index.js:55:7)"} module=desktopRoutes submodule=listAccessible method=error-handler app=main reqId=ada8bc0e-c044-464d-ac56-cd708314b2ef dataSourceKey=main
[31m2025-05-31 22:46:36 [error] Cannot find plugin '@my-project/plugin-hello'[39m stack=Error: Cannot find plugin '@my-project/plugin-hello'
    at PluginManager.getPackageJson (/root/www/my-nocobase-app/node_modules/@nocobase/server/lib/plugin-manager/plugin-manager.js:134:13)
    at async _PluginManager.add (/root/www/my-nocobase-app/node_modules/@nocobase/server/lib/plugin-manager/plugin-manager.js:317:29)
    at async _PluginManagerRepository.init (/root/www/my-nocobase-app/node_modules/@nocobase/server/lib/plugin-manager/plugin-manager-repository.js:192:7)
    at async _PluginManager.initOtherPlugins (/root/www/my-nocobase-app/node_modules/@nocobase/server/lib/plugin-manager/plugin-manager.js:1048:5)
    at async _PluginManager.initPlugins (/root/www/my-nocobase-app/node_modules/@nocobase/server/lib/plugin-manager/plugin-manager.js:359:5)
    at async _AsyncEmitter.load (/root/www/my-nocobase-app/node_modules/@nocobase/server/lib/application.js:421:5)
    at async _AppCommand.<anonymous> (/root/www/my-nocobase-app/node_modules/@nocobase/server/lib/commands/start.js:79:5)
    at async _AppCommand.parseAsync (/root/www/my-nocobase-app/node_modules/@nocobase/server/node_modules/commander/lib/command.js:935:5)
    at async _AsyncEmitter.runAsCLI (/root/www/my-nocobase-app/node_modules/@nocobase/server/lib/application.js:557:23) module=application app=main reqId=1276a84f-8372-4392-b023-40b504564c68 dataSourceKey=main
[31m2025-05-31 22:48:49 [error] Cannot find plugin '@my-project/plugin-hello'[39m stack=Error: Cannot find plugin '@my-project/plugin-hello'
    at PluginManager.getPackageJson (/root/www/my-nocobase-app/node_modules/@nocobase/server/lib/plugin-manager/plugin-manager.js:134:13)
    at async _PluginManager.add (/root/www/my-nocobase-app/node_modules/@nocobase/server/lib/plugin-manager/plugin-manager.js:317:29)
    at async _PluginManagerRepository.init (/root/www/my-nocobase-app/node_modules/@nocobase/server/lib/plugin-manager/plugin-manager-repository.js:192:7)
    at async _PluginManager.initOtherPlugins (/root/www/my-nocobase-app/node_modules/@nocobase/server/lib/plugin-manager/plugin-manager.js:1048:5)
    at async _PluginManager.initPlugins (/root/www/my-nocobase-app/node_modules/@nocobase/server/lib/plugin-manager/plugin-manager.js:359:5)
    at async _AsyncEmitter.load (/root/www/my-nocobase-app/node_modules/@nocobase/server/lib/application.js:421:5)
    at async _AppCommand.<anonymous> (/root/www/my-nocobase-app/node_modules/@nocobase/server/lib/commands/start.js:79:5)
    at async _AppCommand.parseAsync (/root/www/my-nocobase-app/node_modules/@nocobase/server/node_modules/commander/lib/command.js:935:5)
    at async _AsyncEmitter.runAsCLI (/root/www/my-nocobase-app/node_modules/@nocobase/server/lib/application.js:557:23) module=application app=main reqId=2051d4d8-f835-410a-ae45-77ea909a3376 dataSourceKey=main
